  lab1.cpp
C:\Users\Lovro Srebacic\Desktop\faks\diplomski\3.semestar\ra\labosi\1.labos\lab1\lab1.cpp(133,20): warning C4018: '<': signed/unsigned mismatch
C:\Users\Lovro Srebacic\Desktop\faks\diplomski\3.semestar\ra\labosi\1.labos\lab1\lab1.cpp(147,20): warning C4018: '<': signed/unsigned mismatch
C:\Users\Lovro Srebacic\Desktop\faks\diplomski\3.semestar\ra\labosi\1.labos\lab1\lab1.cpp(208,20): warning C4018: '<': signed/unsigned mismatch
C:\Users\Lovro Srebacic\Desktop\faks\diplomski\3.semestar\ra\labosi\1.labos\lab1\lab1.cpp(214,25): warning C4244: 'argument': conversion from 'unsigned int' to 'float', possible loss of data
C:\Users\Lovro Srebacic\Desktop\faks\diplomski\3.semestar\ra\labosi\1.labos\lab1\lab1.cpp(216,20): warning C4018: '<': signed/unsigned mismatch
C:\Users\Lovro Srebacic\Desktop\faks\diplomski\3.semestar\ra\labosi\1.labos\lab1\lab1.cpp(253,20): warning C4018: '<': signed/unsigned mismatch
C:\Users\Lovro Srebacic\Desktop\faks\diplomski\3.semestar\ra\labosi\1.labos\lab1\lab1.cpp(325,13): warning C4244: 'initializing': conversion from 'double' to 'float', possible loss of data
C:\Users\Lovro Srebacic\Desktop\faks\diplomski\3.semestar\ra\labosi\1.labos\lab1\lab1.cpp(326,13): warning C4244: 'initializing': conversion from 'double' to 'float', possible loss of data
C:\Users\Lovro Srebacic\Desktop\faks\diplomski\3.semestar\ra\labosi\1.labos\lab1\lab1.cpp(327,13): warning C4244: 'initializing': conversion from 'double' to 'float', possible loss of data
C:\Users\Lovro Srebacic\Desktop\faks\diplomski\3.semestar\ra\labosi\1.labos\lab1\lab1.cpp(328,13): warning C4244: 'initializing': conversion from 'double' to 'float', possible loss of data
C:\Users\Lovro Srebacic\Desktop\faks\diplomski\3.semestar\ra\labosi\1.labos\lab1\lab1.cpp(334,13): warning C4244: 'initializing': conversion from 'double' to 'float', possible loss of data
C:\Users\Lovro Srebacic\Desktop\faks\diplomski\3.semestar\ra\labosi\1.labos\lab1\lab1.cpp(335,13): warning C4244: 'initializing': conversion from 'double' to 'float', possible loss of data
C:\Users\Lovro Srebacic\Desktop\faks\diplomski\3.semestar\ra\labosi\1.labos\lab1\lab1.cpp(336,13): warning C4244: 'initializing': conversion from 'double' to 'float', possible loss of data
C:\Users\Lovro Srebacic\Desktop\faks\diplomski\3.semestar\ra\labosi\1.labos\lab1\lab1.cpp(337,13): warning C4244: 'initializing': conversion from 'double' to 'float', possible loss of data
C:\Users\Lovro Srebacic\Desktop\faks\diplomski\3.semestar\ra\labosi\1.labos\lab1\lab1.cpp(339,14): warning C4244: 'initializing': conversion from 'double' to 'float', possible loss of data
C:\Users\Lovro Srebacic\Desktop\faks\diplomski\3.semestar\ra\labosi\1.labos\lab1\lab1.cpp(191,37): warning C4101: 'e': unreferenced local variable
C:\Users\Lovro Srebacic\Desktop\faks\diplomski\3.semestar\ra\labosi\1.labos\lab1\lab1.cpp(230,37): warning C4101: 'e': unreferenced local variable
C:\Users\Lovro Srebacic\Desktop\faks\diplomski\3.semestar\ra\labosi\1.labos\lab1\lab1.cpp(294,36): warning C4101: 'e': unreferenced local variable
C:\Users\Lovro Srebacic\Desktop\faks\diplomski\3.semestar\ra\labosi\1.labos\lab1\lab1.cpp(390,22): warning C4305: 'initializing': truncation from 'double' to 'float'
C:\Users\Lovro Srebacic\Desktop\faks\diplomski\3.semestar\ra\labosi\1.labos\lab1\lab1.cpp(420,12): warning C4244: 'argument': conversion from 'double' to 'GLfloat', possible loss of data
C:\Users\Lovro Srebacic\Desktop\faks\diplomski\3.semestar\ra\labosi\1.labos\lab1\lab1.cpp(424,20): warning C4018: '<': signed/unsigned mismatch
  lab1.vcxproj -> C:\Users\Lovro Srebacic\Desktop\faks\diplomski\3.semestar\ra\labosi\1.labos\lab1\Debug\lab1.exe
